<?xml version="1.0" encoding="UTF-8"?>
<!-- Generated by org.testng.reporters.JUnitReportReporter -->
<testsuite hostname="LAPTOP-DFDTRN2Q" failures="0" tests="2" name="Headlessbrowser.Headless" time="11.696" errors="0" timestamp="2022-04-29T13:51:50 IST" skipped="0">
  <testcase classname="Headlessbrowser.Headless" name="googleTitleTest" time="6.239"/>
  <system-out/>
  <testcase classname="Headlessbrowser.Headless" name="FacebookTitleTest" time="5.457"/>
  <system-out/>
</testsuite> <!-- Headlessbrowser.Headless -->
